<?xml version="1.0" encoding="UTF-8"?>
<testsuite xmlns:xsi="http://www.w3.org/2001/XMLSchema-instance" xsi:schemaLocation="https://maven.apache.org/surefire/maven-surefire-plugin/xsd/surefire-test-report.xsd" name="PurchaseTest" time="0.049" tests="8" errors="0" skipped="0" failures="0">
  <properties>
[...]
</properties>
  <testcase name="testUnselectCellphone" classname="PurchaseTest" time="0.029"/>
  <testcase name="testBuyingSomething" classname="PurchaseTest" time="0.009"/>
  <testcase name="testIncludeExcludeInternetConnectionTrue" classname="PurchaseTest" time="0"/>
  <testcase name="testDecrementNumberOfPhoneLines" classname="PurchaseTest" time="0"/>
  <testcase name="testSelectCellphone" classname="PurchaseTest" time="0"/>
  <testcase name="testBuyingNothing" classname="PurchaseTest" time="0"/>
  <testcase name="testIncludeExcludeInternetConnectionFalse" classname="PurchaseTest" time="0"/>
  <testcase name="testIncrementNumberOfPhoneLines" classname="PurchaseTest" time="0"/>
</testsuite>